[2025-11-03 21:55:44] local.INFO: === ACCESSING IN_TRANSIT METHOD ===  
[2025-11-03 21:55:44] local.INFO: User: , Role: 1  
[2025-11-03 21:55:44] local.INFO: Accessible Warehouses: ["0"]  
[2025-11-03 21:55:44] local.INFO: Found transfers: 6  
[2025-11-03 22:27:53] local.ERROR: Gagal simpan penerimaan: SQLSTATE[42S22]: Column not found: 1054 Unknown column 'Rcv_UserID' in 'field list' (Connection: mysql, SQL: insert into `th_slsgtrcv` (`Rcv_number`, `ref_trx_auto`, `Rcv_UserID`, `Rcv_Date`, `Rcv_WareCode`, `Rcv_From`, `Rcv_Note`, `rcv_posting`, `updated_at`, `created_at`) values (RCV-031125001, 10, 1, 2025-11-03, Gudang Cabang, Gudang Utama, ?, T, 2025-11-03 22:27:53, 2025-11-03 22:27:53))  
[2025-11-03 22:57:58] local.INFO: === ACCESSING IN_TRANSIT METHOD ===  
[2025-11-03 22:57:58] local.INFO: User: , Role: 1  
[2025-11-03 22:57:58] local.INFO: Accessible Warehouses: ["0"]  
[2025-11-03 22:57:58] local.INFO: Found transfers: 1  
[2025-11-03 22:58:35] local.ERROR: Gagal simpan penerimaan: SQLSTATE[42S22]: Column not found: 1054 Unknown column 'Rcv_UserID' in 'field list' (Connection: mysql, SQL: insert into `th_slsgtrcv` (`Rcv_number`, `ref_trx_auto`, `Rcv_UserID`, `Rcv_Date`, `Rcv_WareCode`, `Rcv_From`, `Rcv_Note`, `rcv_posting`, `updated_at`, `created_at`) values (RCV-031125001, 11, 1, 2025-11-03, Gudang Utama, Gudang Cabang Barat, ?, T, 2025-11-03 22:58:35, 2025-11-03 22:58:35))  
[2025-11-03 23:00:01] local.INFO: Adding stock: Product 7777, Warehouse 1, Qty 10.00  
[2025-11-03 23:00:01] local.ERROR: Failed to add stock: SQLSTATE[23000]: Integrity constraint violation: 1062 Duplicate entry '7777' for key 'dataproduk_tabel_kode_produk_unique' (Connection: mysql, SQL: insert into `dataproduk_tabel` (`kode_produk`, `nama_produk`, `supplier_id`, `qty`, `harga_beli`, `harga_jual`, `WARE_Auto`, `updated_at`, `created_at`) values (7777, kopi, 1, 10.00, 4000.00, 5000.00, 1, 2025-11-03 23:00:01, 2025-11-03 23:00:01))  
[2025-11-03 23:00:01] local.ERROR: Gagal simpan penerimaan: SQLSTATE[23000]: Integrity constraint violation: 1062 Duplicate entry '7777' for key 'dataproduk_tabel_kode_produk_unique' (Connection: mysql, SQL: insert into `dataproduk_tabel` (`kode_produk`, `nama_produk`, `supplier_id`, `qty`, `harga_beli`, `harga_jual`, `WARE_Auto`, `updated_at`, `created_at`) values (7777, kopi, 1, 10.00, 4000.00, 5000.00, 1, 2025-11-03 23:00:01, 2025-11-03 23:00:01))  
[2025-11-03 23:06:36] local.INFO: Adding stock: Product 7777, Warehouse 1, Qty 10.00  
[2025-11-03 23:06:36] local.ERROR: Failed to add stock: SQLSTATE[23000]: Integrity constraint violation: 1062 Duplicate entry '7777' for key 'dataproduk_tabel_kode_produk_unique' (Connection: mysql, SQL: insert into `dataproduk_tabel` (`kode_produk`, `nama_produk`, `supplier_id`, `qty`, `harga_beli`, `harga_jual`, `WARE_Auto`, `updated_at`, `created_at`) values (7777, kopi, 1, 10.00, 4000.00, 5000.00, 1, 2025-11-03 23:06:36, 2025-11-03 23:06:36))  
[2025-11-03 23:06:37] local.ERROR: Gagal simpan penerimaan: SQLSTATE[23000]: Integrity constraint violation: 1062 Duplicate entry '7777' for key 'dataproduk_tabel_kode_produk_unique' (Connection: mysql, SQL: insert into `dataproduk_tabel` (`kode_produk`, `nama_produk`, `supplier_id`, `qty`, `harga_beli`, `harga_jual`, `WARE_Auto`, `updated_at`, `created_at`) values (7777, kopi, 1, 10.00, 4000.00, 5000.00, 1, 2025-11-03 23:06:36, 2025-11-03 23:06:36))  
[2025-11-03 23:07:04] local.INFO: Adding stock: Product 7777, Warehouse 1, Qty 10.00  
[2025-11-03 23:07:04] local.ERROR: Failed to add stock: SQLSTATE[23000]: Integrity constraint violation: 1062 Duplicate entry '7777' for key 'dataproduk_tabel_kode_produk_unique' (Connection: mysql, SQL: insert into `dataproduk_tabel` (`kode_produk`, `nama_produk`, `supplier_id`, `qty`, `harga_beli`, `harga_jual`, `WARE_Auto`, `updated_at`, `created_at`) values (7777, kopi, 1, 10.00, 4000.00, 5000.00, 1, 2025-11-03 23:07:04, 2025-11-03 23:07:04))  
[2025-11-03 23:07:04] local.ERROR: Gagal simpan penerimaan: SQLSTATE[23000]: Integrity constraint violation: 1062 Duplicate entry '7777' for key 'dataproduk_tabel_kode_produk_unique' (Connection: mysql, SQL: insert into `dataproduk_tabel` (`kode_produk`, `nama_produk`, `supplier_id`, `qty`, `harga_beli`, `harga_jual`, `WARE_Auto`, `updated_at`, `created_at`) values (7777, kopi, 1, 10.00, 4000.00, 5000.00, 1, 2025-11-03 23:07:04, 2025-11-03 23:07:04))  
[2025-11-03 23:09:09] local.INFO: Adding stock: Product 7777, Warehouse 1, Qty 10.00  
[2025-11-03 23:09:09] local.INFO: New stock created: 7777 in warehouse 1 with qty 10.00  
[2025-11-03 23:10:19] local.INFO: === ACCESSING IN_TRANSIT METHOD ===  
[2025-11-03 23:10:19] local.INFO: User: , Role: 1  
[2025-11-03 23:10:19] local.INFO: Accessible Warehouses: ["0"]  
[2025-11-03 23:10:19] local.INFO: Found transfers: 1  
[2025-11-03 23:10:48] local.INFO: === ACCESSING IN_TRANSIT METHOD ===  
[2025-11-03 23:10:48] local.INFO: User: , Role: 1  
[2025-11-03 23:10:48] local.INFO: Accessible Warehouses: ["0"]  
[2025-11-03 23:10:48] local.INFO: Found transfers: 2  
[2025-11-03 23:11:18] local.INFO: Adding stock: Product 7777, Warehouse 1, Qty 90.00  
[2025-11-03 23:11:18] local.INFO: Stock updated: 7777 in warehouse 1 from 10 to 100  
[2025-11-03 23:18:17] local.ERROR: View [partials.datatable-empty] not found. {"view":{"view":"/Users/bgs_indrlsma/Laravel/projekkp/resources/views/mutasigudang/in_transit/index.blade.php","data":{"errors":"<pre class=sf-dump id=sf-dump-197091483 data-indent-pad=\"  \"><span class=sf-dump-note>Illuminate\\Support\\ViewErrorBag</span> {<a class=sf-dump-ref>#1707</a><samp data-depth=1 class=sf-dump-expanded>
  #<span class=sf-dump-protected title=\"Protected property\">bags</span>: []
</samp>}
</pre><script>Sfdump(\"sf-dump-197091483\", {\"maxDepth\":3,\"maxStringLength\":160})</script>
","inTransitTransfers":"<pre class=sf-dump id=sf-dump-865806122 data-indent-pad=\"  \"><span class=sf-dump-note>Illuminate\\Database\\Eloquent\\Collection</span> {<a class=sf-dump-ref>#1875</a><samp data-depth=1 class=sf-dump-expanded>
  #<span class=sf-dump-protected title=\"Protected property\">items</span>: <span class=sf-dump-note>array:1</span> [<samp data-depth=2 class=sf-dump-compact>
    <span class=sf-dump-index>0</span> => <span class=\"sf-dump-note sf-dump-ellipsization\" title=\"App\\Models\\MutasiGudang\\TransferHeader
\"><span class=\"sf-dump-ellipsis sf-dump-ellipsis-note\">App\\Models\\MutasiGudang</span><span class=\"sf-dump-ellipsis sf-dump-ellipsis-note\">\\</span><span class=\"sf-dump-ellipsis-tail\">TransferHeader</span></span> {<a class=sf-dump-ref>#1870</a><samp data-depth=3 class=sf-dump-compact>
      #<span class=sf-dump-protected title=\"Protected property\">connection</span>: \"<span class=sf-dump-str title=\"5 characters\">mysql</span>\"
      #<span class=sf-dump-protected title=\"Protected property\">table</span>: \"<span class=sf-dump-str title=\"8 characters\">th_slsgt</span>\"
      #<span class=sf-dump-protected title=\"Protected property\">primaryKey</span>: \"<span class=sf-dump-str title=\"8 characters\">Trx_Auto</span>\"
      #<span class=sf-dump-protected title=\"Protected property\">keyType</span>: \"<span class=sf-dump-str title=\"3 characters\">int</span>\"
      +<span class=sf-dump-public title=\"Public property\">incrementing</span>: <span class=sf-dump-const>true</span>
      #<span class=sf-dump-protected title=\"Protected property\">with</span>: []
      #<span class=sf-dump-protected title=\"Protected property\">withCount</span>: []
      +<span class=sf-dump-public title=\"Public property\">preventsLazyLoading</span>: <span class=sf-dump-const>false</span>
      #<span class=sf-dump-protected title=\"Protected property\">perPage</span>: <span class=sf-dump-num>15</span>
      +<span class=sf-dump-public title=\"Public property\">exists</span>: <span class=sf-dump-const>true</span>
      +<span class=sf-dump-public title=\"Public property\">wasRecentlyCreated</span>: <span class=sf-dump-const>false</span>
      #<span class=sf-dump-protected title=\"Protected property\">escapeWhenCastingToString</span>: <span class=sf-dump-const>false</span>
      #<span class=sf-dump-protected title=\"Protected property\">attributes</span>: <span class=sf-dump-note>array:19</span> [ &#8230;19]
      #<span class=sf-dump-protected title=\"Protected property\">original</span>: <span class=sf-dump-note>array:19</span> [ &#8230;19]
      #<span class=sf-dump-protected title=\"Protected property\">changes</span>: []
      #<span class=sf-dump-protected title=\"Protected property\">previous</span>: []
      #<span class=sf-dump-protected title=\"Protected property\">casts</span>: <span class=sf-dump-note>array:1</span> [ &#8230;1]
      #<span class=sf-dump-protected title=\"Protected property\">classCastCache</span>: []
      #<span class=sf-dump-protected title=\"Protected property\">attributeCastCache</span>: []
      #<span class=sf-dump-protected title=\"Protected property\">dateFormat</span>: <span class=sf-dump-const>null</span>
      #<span class=sf-dump-protected title=\"Protected property\">appends</span>: []
      #<span class=sf-dump-protected title=\"Protected property\">dispatchesEvents</span>: []
      #<span class=sf-dump-protected title=\"Protected property\">observables</span>: []
      #<span class=sf-dump-protected title=\"Protected property\">relations</span>: <span class=sf-dump-note>array:4</span> [ &#8230;4]
      #<span class=sf-dump-protected title=\"Protected property\">touches</span>: []
      #<span class=sf-dump-protected title=\"Protected property\">relationAutoloadCallback</span>: <span class=sf-dump-const>null</span>
      #<span class=sf-dump-protected title=\"Protected property\">relationAutoloadContext</span>: <span class=sf-dump-const>null</span>
      +<span class=sf-dump-public title=\"Public property\">timestamps</span>: <span class=sf-dump-const>false</span>
      +<span class=sf-dump-public title=\"Public property\">usesUniqueIds</span>: <span class=sf-dump-const>false</span>
      #<span class=sf-dump-protected title=\"Protected property\">hidden</span>: []
      #<span class=sf-dump-protected title=\"Protected property\">visible</span>: []
      #<span class=sf-dump-protected title=\"Protected property\">fillable</span>: <span class=sf-dump-note>array:12</span> [ &#8230;12]
      #<span class=sf-dump-protected title=\"Protected property\">guarded</span>: <span class=sf-dump-note>array:1</span> [ &#8230;1]
    </samp>}
  </samp>]
  #<span class=sf-dump-protected title=\"Protected property\">escapeWhenCastingToString</span>: <span class=sf-dump-const>false</span>
</samp>}
</pre><script>Sfdump(\"sf-dump-865806122\", {\"maxDepth\":3,\"maxStringLength\":160})</script>
"}},"userId":1,"exception":"[object] (Spatie\\LaravelIgnition\\Exceptions\\ViewException(code: 0): View [partials.datatable-empty] not found. at /Users/bgs_indrlsma/Laravel/projekkp/vendor/laravel/framework/src/Illuminate/View/FileViewFinder.php:138)
[stacktrace]
#0 /Users/bgs_indrlsma/Laravel/projekkp/vendor/laravel/framework/src/Illuminate/View/FileViewFinder.php(78): Illuminate\\View\\FileViewFinder->findInPaths('partials.datata...', Array)
#1 /Users/bgs_indrlsma/Laravel/projekkp/vendor/laravel/framework/src/Illuminate/View/Factory.php(150): Illuminate\\View\\FileViewFinder->find('partials.datata...')
#2 /Users/bgs_indrlsma/Laravel/projekkp/resources/views/mutasigudang/in_transit/index.blade.php(74): Illuminate\\View\\Factory->make('partials.datata...', Array)
#3 /Users/bgs_indrlsma/Laravel/projekkp/vendor/laravel/framework/src/Illuminate/Filesystem/Filesystem.php(123): require('/Users/bgs_indr...')
#4 /Users/bgs_indrlsma/Laravel/projekkp/vendor/laravel/framework/src/Illuminate/Filesystem/Filesystem.php(124): Illuminate\\Filesystem\\Filesystem::{closure:Illuminate\\Filesystem\\Filesystem::getRequire():120}()
#5 /Users/bgs_indrlsma/Laravel/projekkp/vendor/laravel/framework/src/Illuminate/View/Engines/PhpEngine.php(57): Illuminate\\Filesystem\\Filesystem->getRequire('/Users/bgs_indr...', Array)
#6 /Users/bgs_indrlsma/Laravel/projekkp/vendor/laravel/framework/src/Illuminate/View/Engines/CompilerEngine.php(76): Illuminate\\View\\Engines\\PhpEngine->evaluatePath('/Users/bgs_indr...', Array)
#7 /Users/bgs_indrlsma/Laravel/projekkp/vendor/laravel/framework/src/Illuminate/View/View.php(208): Illuminate\\View\\Engines\\CompilerEngine->get('/Users/bgs_indr...', Array)
#8 /Users/bgs_indrlsma/Laravel/projekkp/vendor/laravel/framework/src/Illuminate/View/View.php(191): Illuminate\\View\\View->getContents()
#9 /Users/bgs_indrlsma/Laravel/projekkp/vendor/laravel/framework/src/Illuminate/View/View.php(160): Illuminate\\View\\View->renderContents()
#10 /Users/bgs_indrlsma/Laravel/projekkp/vendor/laravel/framework/src/Illuminate/Http/Response.php(78): Illuminate\\View\\View->render()
#11 /Users/bgs_indrlsma/Laravel/projekkp/vendor/laravel/framework/src/Illuminate/Http/Response.php(34): Illuminate\\Http\\Response->setContent(Object(Illuminate\\View\\View))
#12 /Users/bgs_indrlsma/Laravel/projekkp/vendor/laravel/framework/src/Illuminate/Routing/Router.php(925): Illuminate\\Http\\Response->__construct(Object(Illuminate\\View\\View), 200, Array)
#13 /Users/bgs_indrlsma/Laravel/projekkp/vendor/laravel/framework/src/Illuminate/Routing/Router.php(892): Illuminate\\Routing\\Router::toResponse(Object(Illuminate\\Http\\Request), Object(Illuminate\\View\\View))
#14 /Users/bgs_indrlsma/Laravel/projekkp/vendor/laravel/framework/src/Illuminate/Routing/Router.php(807): Illuminate\\Routing\\Router->prepareResponse(Object(Illuminate\\Http\\Request), Object(Illuminate\\View\\View))
#15 /Users/bgs_indrlsma/Laravel/projekkp/vendor/laravel/framework/src/Illuminate/Pipeline/Pipeline.php(169): Illuminate\\Routing\\Router->{closure:Illuminate\\Routing\\Router::runRouteWithinStack():807}(Object(Illuminate\\Http\\Request))
#16 /Users/bgs_indrlsma/Laravel/projekkp/app/Http/Middleware/EnsureUserCanAccessMenu.php(48): Illuminate\\Pipeline\\Pipeline->{closure:Illuminate\\Pipeline\\Pipeline::prepareDestination():167}(Object(Illuminate\\Http\\Request))
#17 /Users/bgs_indrlsma/Laravel/projekkp/vendor/laravel/framework/src/Illuminate/Pipeline/Pipeline.php(208): App\\Http\\Middleware\\EnsureUserCanAccessMenu->handle(Object(Illuminate\\Http\\Request), Object(Closure))
#18 /Users/bgs_indrlsma/Laravel/projekkp/vendor/laravel/framework/src/Illuminate/Routing/Middleware/SubstituteBindings.php(50): Illuminate\\Pipeline\\Pipeline->{closure:{closure:Illuminate\\Pipeline\\Pipeline::carry():183}:184}(Object(Illuminate\\Http\\Request))
#19 /Users/bgs_indrlsma/Laravel/projekkp/vendor/laravel/framework/src/Illuminate/Pipeline/Pipeline.php(208): Illuminate\\Routing\\Middleware\\SubstituteBindings->handle(Object(Illuminate\\Http\\Request), Object(Closure))
#20 /Users/bgs_indrlsma/Laravel/projekkp/vendor/laravel/framework/src/Illuminate/Auth/Middleware/Authenticate.php(63): Illuminate\\Pipeline\\Pipeline->{closure:{closure:Illuminate\\Pipeline\\Pipeline::carry():183}:184}(Object(Illuminate\\Http\\Request))
#21 /Users/bgs_indrlsma/Laravel/projekkp/vendor/laravel/framework/src/Illuminate/Pipeline/Pipeline.php(208): Illuminate\\Auth\\Middleware\\Authenticate->handle(Object(Illuminate\\Http\\Request), Object(Closure))
#22 /Users/bgs_indrlsma/Laravel/projekkp/vendor/laravel/framework/src/Illuminate/Foundation/Http/Middleware/VerifyCsrfToken.php(87): Illuminate\\Pipeline\\Pipeline->{closure:{closure:Illuminate\\Pipeline\\Pipeline::carry():183}:184}(Object(Illuminate\\Http\\Request))
#23 /Users/bgs_indrlsma/Laravel/projekkp/vendor/laravel/framework/src/Illuminate/Pipeline/Pipeline.php(208): Illuminate\\Foundation\\Http\\Middleware\\VerifyCsrfToken->handle(Object(Illuminate\\Http\\Request), Object(Closure))
#24 /Users/bgs_indrlsma/Laravel/projekkp/vendor/laravel/framework/src/Illuminate/View/Middleware/ShareErrorsFromSession.php(48): Illuminate\\Pipeline\\Pipeline->{closure:{closure:Illuminate\\Pipeline\\Pipeline::carry():183}:184}(Object(Illuminate\\Http\\Request))
#25 /Users/bgs_indrlsma/Laravel/projekkp/vendor/laravel/framework/src/Illuminate/Pipeline/Pipeline.php(208): Illuminate\\View\\Middleware\\ShareErrorsFromSession->handle(Object(Illuminate\\Http\\Request), Object(Closure))
#26 /Users/bgs_indrlsma/Laravel/projekkp/vendor/laravel/framework/src/Illuminate/Session/Middleware/StartSession.php(120): Illuminate\\Pipeline\\Pipeline->{closure:{closure:Illuminate\\Pipeline\\Pipeline::carry():183}:184}(Object(Illuminate\\Http\\Request))
#27 /Users/bgs_indrlsma/Laravel/projekkp/vendor/laravel/framework/src/Illuminate/Session/Middleware/StartSession.php(63): Illuminate\\Session\\Middleware\\StartSession->handleStatefulRequest(Object(Illuminate\\Http\\Request), Object(Illuminate\\Session\\Store), Object(Closure))
#28 /Users/bgs_indrlsma/Laravel/projekkp/vendor/laravel/framework/src/Illuminate/Pipeline/Pipeline.php(208): Illuminate\\Session\\Middleware\\StartSession->handle(Object(Illuminate\\Http\\Request), Object(Closure))
#29 /Users/bgs_indrlsma/Laravel/projekkp/vendor/laravel/framework/src/Illuminate/Cookie/Middleware/AddQueuedCookiesToResponse.php(36): Illuminate\\Pipeline\\Pipeline->{closure:{closure:Illuminate\\Pipeline\\Pipeline::carry():183}:184}(Object(Illuminate\\Http\\Request))
#30 /Users/bgs_indrlsma/Laravel/projekkp/vendor/laravel/framework/src/Illuminate/Pipeline/Pipeline.php(208): Illuminate\\Cookie\\Middleware\\AddQueuedCookiesToResponse->handle(Object(Illuminate\\Http\\Request), Object(Closure))
#31 /Users/bgs_indrlsma/Laravel/projekkp/vendor/laravel/framework/src/Illuminate/Cookie/Middleware/EncryptCookies.php(74): Illuminate\\Pipeline\\Pipeline->{closure:{closure:Illuminate\\Pipeline\\Pipeline::carry():183}:184}(Object(Illuminate\\Http\\Request))
#32 /Users/bgs_indrlsma/Laravel/projekkp/vendor/laravel/framework/src/Illuminate/Pipeline/Pipeline.php(208): Illuminate\\Cookie\\Middleware\\EncryptCookies->handle(Object(Illuminate\\Http\\Request), Object(Closure))
#33 /Users/bgs_indrlsma/Laravel/projekkp/vendor/laravel/framework/src/Illuminate/Pipeline/Pipeline.php(126): Illuminate\\Pipeline\\Pipeline->{closure:{closure:Illuminate\\Pipeline\\Pipeline::carry():183}:184}(Object(Illuminate\\Http\\Request))
#34 /Users/bgs_indrlsma/Laravel/projekkp/vendor/laravel/framework/src/Illuminate/Routing/Router.php(807): Illuminate\\Pipeline\\Pipeline->then(Object(Closure))
#35 /Users/bgs_indrlsma/Laravel/projekkp/vendor/laravel/framework/src/Illuminate/Routing/Router.php(786): Illuminate\\Routing\\Router->runRouteWithinStack(Object(Illuminate\\Routing\\Route), Object(Illuminate\\Http\\Request))
#36 /Users/bgs_indrlsma/Laravel/projekkp/vendor/laravel/framework/src/Illuminate/Routing/Router.php(750): Illuminate\\Routing\\Router->runRoute(Object(Illuminate\\Http\\Request), Object(Illuminate\\Routing\\Route))
#37 /Users/bgs_indrlsma/Laravel/projekkp/vendor/laravel/framework/src/Illuminate/Routing/Router.php(739): Illuminate\\Routing\\Router->dispatchToRoute(Object(Illuminate\\Http\\Request))
#38 /Users/bgs_indrlsma/Laravel/projekkp/vendor/laravel/framework/src/Illuminate/Foundation/Http/Kernel.php(200): Illuminate\\Routing\\Router->dispatch(Object(Illuminate\\Http\\Request))
#39 /Users/bgs_indrlsma/Laravel/projekkp/vendor/laravel/framework/src/Illuminate/Pipeline/Pipeline.php(169): Illuminate\\Foundation\\Http\\Kernel->{closure:Illuminate\\Foundation\\Http\\Kernel::dispatchToRouter():197}(Object(Illuminate\\Http\\Request))
#40 /Users/bgs_indrlsma/Laravel/projekkp/vendor/laravel/framework/src/Illuminate/Foundation/Http/Middleware/TransformsRequest.php(21): Illuminate\\Pipeline\\Pipeline->{closure:Illuminate\\Pipeline\\Pipeline::prepareDestination():167}(Object(Illuminate\\Http\\Request))
#41 /Users/bgs_indrlsma/Laravel/projekkp/vendor/laravel/framework/src/Illuminate/Foundation/Http/Middleware/ConvertEmptyStringsToNull.php(31): Illuminate\\Foundation\\Http\\Middleware\\TransformsRequest->handle(Object(Illuminate\\Http\\Request), Object(Closure))
#42 /Users/bgs_indrlsma/Laravel/projekkp/vendor/laravel/framework/src/Illuminate/Pipeline/Pipeline.php(208): Illuminate\\Foundation\\Http\\Middleware\\ConvertEmptyStringsToNull->handle(Object(Illuminate\\Http\\Request), Object(Closure))
#43 /Users/bgs_indrlsma/Laravel/projekkp/vendor/laravel/framework/src/Illuminate/Foundation/Http/Middleware/TransformsRequest.php(21): Illuminate\\Pipeline\\Pipeline->{closure:{closure:Illuminate\\Pipeline\\Pipeline::carry():183}:184}(Object(Illuminate\\Http\\Request))
#44 /Users/bgs_indrlsma/Laravel/projekkp/vendor/laravel/framework/src/Illuminate/Foundation/Http/Middleware/TrimStrings.php(51): Illuminate\\Foundation\\Http\\Middleware\\TransformsRequest->handle(Object(Illuminate\\Http\\Request), Object(Closure))
#45 /Users/bgs_indrlsma/Laravel/projekkp/vendor/laravel/framework/src/Illuminate/Pipeline/Pipeline.php(208): Illuminate\\Foundation\\Http\\Middleware\\TrimStrings->handle(Object(Illuminate\\Http\\Request), Object(Closure))
#46 /Users/bgs_indrlsma/Laravel/projekkp/vendor/laravel/framework/src/Illuminate/Http/Middleware/ValidatePostSize.php(27): Illuminate\\Pipeline\\Pipeline->{closure:{closure:Illuminate\\Pipeline\\Pipeline::carry():183}:184}(Object(Illuminate\\Http\\Request))
#47 /Users/bgs_indrlsma/Laravel/projekkp/vendor/laravel/framework/src/Illuminate/Pipeline/Pipeline.php(208): Illuminate\\Http\\Middleware\\ValidatePostSize->handle(Object(Illuminate\\Http\\Request), Object(Closure))
#48 /Users/bgs_indrlsma/Laravel/projekkp/vendor/laravel/framework/src/Illuminate/Foundation/Http/Middleware/PreventRequestsDuringMaintenance.php(109): Illuminate\\Pipeline\\Pipeline->{closure:{closure:Illuminate\\Pipeline\\Pipeline::carry():183}:184}(Object(Illuminate\\Http\\Request))
#49 /Users/bgs_indrlsma/Laravel/projekkp/vendor/laravel/framework/src/Illuminate/Pipeline/Pipeline.php(208): Illuminate\\Foundation\\Http\\Middleware\\PreventRequestsDuringMaintenance->handle(Object(Illuminate\\Http\\Request), Object(Closure))
#50 /Users/bgs_indrlsma/Laravel/projekkp/vendor/laravel/framework/src/Illuminate/Http/Middleware/HandleCors.php(48): Illuminate\\Pipeline\\Pipeline->{closure:{closure:Illuminate\\Pipeline\\Pipeline::carry():183}:184}(Object(Illuminate\\Http\\Request))
#51 /Users/bgs_indrlsma/Laravel/projekkp/vendor/laravel/framework/src/Illuminate/Pipeline/Pipeline.php(208): Illuminate\\Http\\Middleware\\HandleCors->handle(Object(Illuminate\\Http\\Request), Object(Closure))
#52 /Users/bgs_indrlsma/Laravel/projekkp/vendor/laravel/framework/src/Illuminate/Http/Middleware/TrustProxies.php(58): Illuminate\\Pipeline\\Pipeline->{closure:{closure:Illuminate\\Pipeline\\Pipeline::carry():183}:184}(Object(Illuminate\\Http\\Request))
#53 /Users/bgs_indrlsma/Laravel/projekkp/vendor/laravel/framework/src/Illuminate/Pipeline/Pipeline.php(208): Illuminate\\Http\\Middleware\\TrustProxies->handle(Object(Illuminate\\Http\\Request), Object(Closure))
#54 /Users/bgs_indrlsma/Laravel/projekkp/vendor/laravel/framework/src/Illuminate/Pipeline/Pipeline.php(126): Illuminate\\Pipeline\\Pipeline->{closure:{closure:Illuminate\\Pipeline\\Pipeline::carry():183}:184}(Object(Illuminate\\Http\\Request))
#55 /Users/bgs_indrlsma/Laravel/projekkp/vendor/laravel/framework/src/Illuminate/Foundation/Http/Kernel.php(175): Illuminate\\Pipeline\\Pipeline->then(Object(Closure))
#56 /Users/bgs_indrlsma/Laravel/projekkp/vendor/laravel/framework/src/Illuminate/Foundation/Http/Kernel.php(144): Illuminate\\Foundation\\Http\\Kernel->sendRequestThroughRouter(Object(Illuminate\\Http\\Request))
#57 /Users/bgs_indrlsma/Laravel/projekkp/public/index.php(54): Illuminate\\Foundation\\Http\\Kernel->handle(Object(Illuminate\\Http\\Request))
#58 /Users/bgs_indrlsma/Laravel/projekkp/server.php(21): require_once('/Users/bgs_indr...')
#59 {main}

[previous exception] [object] (InvalidArgumentException(code: 0): View [partials.datatable-empty] not found. at /Users/bgs_indrlsma/Laravel/projekkp/vendor/laravel/framework/src/Illuminate/View/FileViewFinder.php:138)
[stacktrace]
#0 /Users/bgs_indrlsma/Laravel/projekkp/vendor/laravel/framework/src/Illuminate/View/FileViewFinder.php(78): Illuminate\\View\\FileViewFinder->findInPaths('partials.datata...', Array)
#1 /Users/bgs_indrlsma/Laravel/projekkp/vendor/laravel/framework/src/Illuminate/View/Factory.php(150): Illuminate\\View\\FileViewFinder->find('partials.datata...')
#2 /Users/bgs_indrlsma/Laravel/projekkp/storage/framework/views/d499a0f454282cbc05d6d5b75a3c7467.php(76): Illuminate\\View\\Factory->make('partials.datata...', Array)
#3 /Users/bgs_indrlsma/Laravel/projekkp/vendor/laravel/framework/src/Illuminate/Filesystem/Filesystem.php(123): require('/Users/bgs_indr...')
#4 /Users/bgs_indrlsma/Laravel/projekkp/vendor/laravel/framework/src/Illuminate/Filesystem/Filesystem.php(124): Illuminate\\Filesystem\\Filesystem::{closure:Illuminate\\Filesystem\\Filesystem::getRequire():120}()
#5 /Users/bgs_indrlsma/Laravel/projekkp/vendor/laravel/framework/src/Illuminate/View/Engines/PhpEngine.php(57): Illuminate\\Filesystem\\Filesystem->getRequire('/Users/bgs_indr...', Array)
#6 /Users/bgs_indrlsma/Laravel/projekkp/vendor/laravel/framework/src/Illuminate/View/Engines/CompilerEngine.php(76): Illuminate\\View\\Engines\\PhpEngine->evaluatePath('/Users/bgs_indr...', Array)
#7 /Users/bgs_indrlsma/Laravel/projekkp/vendor/laravel/framework/src/Illuminate/View/View.php(208): Illuminate\\View\\Engines\\CompilerEngine->get('/Users/bgs_indr...', Array)
#8 /Users/bgs_indrlsma/Laravel/projekkp/vendor/laravel/framework/src/Illuminate/View/View.php(191): Illuminate\\View\\View->getContents()
#9 /Users/bgs_indrlsma/Laravel/projekkp/vendor/laravel/framework/src/Illuminate/View/View.php(160): Illuminate\\View\\View->renderContents()
#10 /Users/bgs_indrlsma/Laravel/projekkp/vendor/laravel/framework/src/Illuminate/Http/Response.php(78): Illuminate\\View\\View->render()
#11 /Users/bgs_indrlsma/Laravel/projekkp/vendor/laravel/framework/src/Illuminate/Http/Response.php(34): Illuminate\\Http\\Response->setContent(Object(Illuminate\\View\\View))
#12 /Users/bgs_indrlsma/Laravel/projekkp/vendor/laravel/framework/src/Illuminate/Routing/Router.php(925): Illuminate\\Http\\Response->__construct(Object(Illuminate\\View\\View), 200, Array)
#13 /Users/bgs_indrlsma/Laravel/projekkp/vendor/laravel/framework/src/Illuminate/Routing/Router.php(892): Illuminate\\Routing\\Router::toResponse(Object(Illuminate\\Http\\Request), Object(Illuminate\\View\\View))
#14 /Users/bgs_indrlsma/Laravel/projekkp/vendor/laravel/framework/src/Illuminate/Routing/Router.php(807): Illuminate\\Routing\\Router->prepareResponse(Object(Illuminate\\Http\\Request), Object(Illuminate\\View\\View))
#15 /Users/bgs_indrlsma/Laravel/projekkp/vendor/laravel/framework/src/Illuminate/Pipeline/Pipeline.php(169): Illuminate\\Routing\\Router->{closure:Illuminate\\Routing\\Router::runRouteWithinStack():807}(Object(Illuminate\\Http\\Request))
#16 /Users/bgs_indrlsma/Laravel/projekkp/app/Http/Middleware/EnsureUserCanAccessMenu.php(48): Illuminate\\Pipeline\\Pipeline->{closure:Illuminate\\Pipeline\\Pipeline::prepareDestination():167}(Object(Illuminate\\Http\\Request))
#17 /Users/bgs_indrlsma/Laravel/projekkp/vendor/laravel/framework/src/Illuminate/Pipeline/Pipeline.php(208): App\\Http\\Middleware\\EnsureUserCanAccessMenu->handle(Object(Illuminate\\Http\\Request), Object(Closure))
#18 /Users/bgs_indrlsma/Laravel/projekkp/vendor/laravel/framework/src/Illuminate/Routing/Middleware/SubstituteBindings.php(50): Illuminate\\Pipeline\\Pipeline->{closure:{closure:Illuminate\\Pipeline\\Pipeline::carry():183}:184}(Object(Illuminate\\Http\\Request))
#19 /Users/bgs_indrlsma/Laravel/projekkp/vendor/laravel/framework/src/Illuminate/Pipeline/Pipeline.php(208): Illuminate\\Routing\\Middleware\\SubstituteBindings->handle(Object(Illuminate\\Http\\Request), Object(Closure))
#20 /Users/bgs_indrlsma/Laravel/projekkp/vendor/laravel/framework/src/Illuminate/Auth/Middleware/Authenticate.php(63): Illuminate\\Pipeline\\Pipeline->{closure:{closure:Illuminate\\Pipeline\\Pipeline::carry():183}:184}(Object(Illuminate\\Http\\Request))
#21 /Users/bgs_indrlsma/Laravel/projekkp/vendor/laravel/framework/src/Illuminate/Pipeline/Pipeline.php(208): Illuminate\\Auth\\Middleware\\Authenticate->handle(Object(Illuminate\\Http\\Request), Object(Closure))
#22 /Users/bgs_indrlsma/Laravel/projekkp/vendor/laravel/framework/src/Illuminate/Foundation/Http/Middleware/VerifyCsrfToken.php(87): Illuminate\\Pipeline\\Pipeline->{closure:{closure:Illuminate\\Pipeline\\Pipeline::carry():183}:184}(Object(Illuminate\\Http\\Request))
#23 /Users/bgs_indrlsma/Laravel/projekkp/vendor/laravel/framework/src/Illuminate/Pipeline/Pipeline.php(208): Illuminate\\Foundation\\Http\\Middleware\\VerifyCsrfToken->handle(Object(Illuminate\\Http\\Request), Object(Closure))
#24 /Users/bgs_indrlsma/Laravel/projekkp/vendor/laravel/framework/src/Illuminate/View/Middleware/ShareErrorsFromSession.php(48): Illuminate\\Pipeline\\Pipeline->{closure:{closure:Illuminate\\Pipeline\\Pipeline::carry():183}:184}(Object(Illuminate\\Http\\Request))
#25 /Users/bgs_indrlsma/Laravel/projekkp/vendor/laravel/framework/src/Illuminate/Pipeline/Pipeline.php(208): Illuminate\\View\\Middleware\\ShareErrorsFromSession->handle(Object(Illuminate\\Http\\Request), Object(Closure))
#26 /Users/bgs_indrlsma/Laravel/projekkp/vendor/laravel/framework/src/Illuminate/Session/Middleware/StartSession.php(120): Illuminate\\Pipeline\\Pipeline->{closure:{closure:Illuminate\\Pipeline\\Pipeline::carry():183}:184}(Object(Illuminate\\Http\\Request))
#27 /Users/bgs_indrlsma/Laravel/projekkp/vendor/laravel/framework/src/Illuminate/Session/Middleware/StartSession.php(63): Illuminate\\Session\\Middleware\\StartSession->handleStatefulRequest(Object(Illuminate\\Http\\Request), Object(Illuminate\\Session\\Store), Object(Closure))
#28 /Users/bgs_indrlsma/Laravel/projekkp/vendor/laravel/framework/src/Illuminate/Pipeline/Pipeline.php(208): Illuminate\\Session\\Middleware\\StartSession->handle(Object(Illuminate\\Http\\Request), Object(Closure))
#29 /Users/bgs_indrlsma/Laravel/projekkp/vendor/laravel/framework/src/Illuminate/Cookie/Middleware/AddQueuedCookiesToResponse.php(36): Illuminate\\Pipeline\\Pipeline->{closure:{closure:Illuminate\\Pipeline\\Pipeline::carry():183}:184}(Object(Illuminate\\Http\\Request))
#30 /Users/bgs_indrlsma/Laravel/projekkp/vendor/laravel/framework/src/Illuminate/Pipeline/Pipeline.php(208): Illuminate\\Cookie\\Middleware\\AddQueuedCookiesToResponse->handle(Object(Illuminate\\Http\\Request), Object(Closure))
#31 /Users/bgs_indrlsma/Laravel/projekkp/vendor/laravel/framework/src/Illuminate/Cookie/Middleware/EncryptCookies.php(74): Illuminate\\Pipeline\\Pipeline->{closure:{closure:Illuminate\\Pipeline\\Pipeline::carry():183}:184}(Object(Illuminate\\Http\\Request))
#32 /Users/bgs_indrlsma/Laravel/projekkp/vendor/laravel/framework/src/Illuminate/Pipeline/Pipeline.php(208): Illuminate\\Cookie\\Middleware\\EncryptCookies->handle(Object(Illuminate\\Http\\Request), Object(Closure))
#33 /Users/bgs_indrlsma/Laravel/projekkp/vendor/laravel/framework/src/Illuminate/Pipeline/Pipeline.php(126): Illuminate\\Pipeline\\Pipeline->{closure:{closure:Illuminate\\Pipeline\\Pipeline::carry():183}:184}(Object(Illuminate\\Http\\Request))
#34 /Users/bgs_indrlsma/Laravel/projekkp/vendor/laravel/framework/src/Illuminate/Routing/Router.php(807): Illuminate\\Pipeline\\Pipeline->then(Object(Closure))
#35 /Users/bgs_indrlsma/Laravel/projekkp/vendor/laravel/framework/src/Illuminate/Routing/Router.php(786): Illuminate\\Routing\\Router->runRouteWithinStack(Object(Illuminate\\Routing\\Route), Object(Illuminate\\Http\\Request))
#36 /Users/bgs_indrlsma/Laravel/projekkp/vendor/laravel/framework/src/Illuminate/Routing/Router.php(750): Illuminate\\Routing\\Router->runRoute(Object(Illuminate\\Http\\Request), Object(Illuminate\\Routing\\Route))
#37 /Users/bgs_indrlsma/Laravel/projekkp/vendor/laravel/framework/src/Illuminate/Routing/Router.php(739): Illuminate\\Routing\\Router->dispatchToRoute(Object(Illuminate\\Http\\Request))
#38 /Users/bgs_indrlsma/Laravel/projekkp/vendor/laravel/framework/src/Illuminate/Foundation/Http/Kernel.php(200): Illuminate\\Routing\\Router->dispatch(Object(Illuminate\\Http\\Request))
#39 /Users/bgs_indrlsma/Laravel/projekkp/vendor/laravel/framework/src/Illuminate/Pipeline/Pipeline.php(169): Illuminate\\Foundation\\Http\\Kernel->{closure:Illuminate\\Foundation\\Http\\Kernel::dispatchToRouter():197}(Object(Illuminate\\Http\\Request))
#40 /Users/bgs_indrlsma/Laravel/projekkp/vendor/laravel/framework/src/Illuminate/Foundation/Http/Middleware/TransformsRequest.php(21): Illuminate\\Pipeline\\Pipeline->{closure:Illuminate\\Pipeline\\Pipeline::prepareDestination():167}(Object(Illuminate\\Http\\Request))
#41 /Users/bgs_indrlsma/Laravel/projekkp/vendor/laravel/framework/src/Illuminate/Foundation/Http/Middleware/ConvertEmptyStringsToNull.php(31): Illuminate\\Foundation\\Http\\Middleware\\TransformsRequest->handle(Object(Illuminate\\Http\\Request), Object(Closure))
#42 /Users/bgs_indrlsma/Laravel/projekkp/vendor/laravel/framework/src/Illuminate/Pipeline/Pipeline.php(208): Illuminate\\Foundation\\Http\\Middleware\\ConvertEmptyStringsToNull->handle(Object(Illuminate\\Http\\Request), Object(Closure))
#43 /Users/bgs_indrlsma/Laravel/projekkp/vendor/laravel/framework/src/Illuminate/Foundation/Http/Middleware/TransformsRequest.php(21): Illuminate\\Pipeline\\Pipeline->{closure:{closure:Illuminate\\Pipeline\\Pipeline::carry():183}:184}(Object(Illuminate\\Http\\Request))
#44 /Users/bgs_indrlsma/Laravel/projekkp/vendor/laravel/framework/src/Illuminate/Foundation/Http/Middleware/TrimStrings.php(51): Illuminate\\Foundation\\Http\\Middleware\\TransformsRequest->handle(Object(Illuminate\\Http\\Request), Object(Closure))
#45 /Users/bgs_indrlsma/Laravel/projekkp/vendor/laravel/framework/src/Illuminate/Pipeline/Pipeline.php(208): Illuminate\\Foundation\\Http\\Middleware\\TrimStrings->handle(Object(Illuminate\\Http\\Request), Object(Closure))
#46 /Users/bgs_indrlsma/Laravel/projekkp/vendor/laravel/framework/src/Illuminate/Http/Middleware/ValidatePostSize.php(27): Illuminate\\Pipeline\\Pipeline->{closure:{closure:Illuminate\\Pipeline\\Pipeline::carry():183}:184}(Object(Illuminate\\Http\\Request))
#47 /Users/bgs_indrlsma/Laravel/projekkp/vendor/laravel/framework/src/Illuminate/Pipeline/Pipeline.php(208): Illuminate\\Http\\Middleware\\ValidatePostSize->handle(Object(Illuminate\\Http\\Request), Object(Closure))
#48 /Users/bgs_indrlsma/Laravel/projekkp/vendor/laravel/framework/src/Illuminate/Foundation/Http/Middleware/PreventRequestsDuringMaintenance.php(109): Illuminate\\Pipeline\\Pipeline->{closure:{closure:Illuminate\\Pipeline\\Pipeline::carry():183}:184}(Object(Illuminate\\Http\\Request))
#49 /Users/bgs_indrlsma/Laravel/projekkp/vendor/laravel/framework/src/Illuminate/Pipeline/Pipeline.php(208): Illuminate\\Foundation\\Http\\Middleware\\PreventRequestsDuringMaintenance->handle(Object(Illuminate\\Http\\Request), Object(Closure))
#50 /Users/bgs_indrlsma/Laravel/projekkp/vendor/laravel/framework/src/Illuminate/Http/Middleware/HandleCors.php(48): Illuminate\\Pipeline\\Pipeline->{closure:{closure:Illuminate\\Pipeline\\Pipeline::carry():183}:184}(Object(Illuminate\\Http\\Request))
#51 /Users/bgs_indrlsma/Laravel/projekkp/vendor/laravel/framework/src/Illuminate/Pipeline/Pipeline.php(208): Illuminate\\Http\\Middleware\\HandleCors->handle(Object(Illuminate\\Http\\Request), Object(Closure))
#52 /Users/bgs_indrlsma/Laravel/projekkp/vendor/laravel/framework/src/Illuminate/Http/Middleware/TrustProxies.php(58): Illuminate\\Pipeline\\Pipeline->{closure:{closure:Illuminate\\Pipeline\\Pipeline::carry():183}:184}(Object(Illuminate\\Http\\Request))
#53 /Users/bgs_indrlsma/Laravel/projekkp/vendor/laravel/framework/src/Illuminate/Pipeline/Pipeline.php(208): Illuminate\\Http\\Middleware\\TrustProxies->handle(Object(Illuminate\\Http\\Request), Object(Closure))
#54 /Users/bgs_indrlsma/Laravel/projekkp/vendor/laravel/framework/src/Illuminate/Pipeline/Pipeline.php(126): Illuminate\\Pipeline\\Pipeline->{closure:{closure:Illuminate\\Pipeline\\Pipeline::carry():183}:184}(Object(Illuminate\\Http\\Request))
#55 /Users/bgs_indrlsma/Laravel/projekkp/vendor/laravel/framework/src/Illuminate/Foundation/Http/Kernel.php(175): Illuminate\\Pipeline\\Pipeline->then(Object(Closure))
#56 /Users/bgs_indrlsma/Laravel/projekkp/vendor/laravel/framework/src/Illuminate/Foundation/Http/Kernel.php(144): Illuminate\\Foundation\\Http\\Kernel->sendRequestThroughRouter(Object(Illuminate\\Http\\Request))
#57 /Users/bgs_indrlsma/Laravel/projekkp/public/index.php(54): Illuminate\\Foundation\\Http\\Kernel->handle(Object(Illuminate\\Http\\Request))
#58 /Users/bgs_indrlsma/Laravel/projekkp/server.php(21): require_once('/Users/bgs_indr...')
#59 {main}
"} 
[2025-11-03 23:19:13] local.INFO: Adding stock: Product 7777, Warehouse 1, Qty 50.00  
[2025-11-03 23:19:13] local.INFO: Stock updated: 7777 in warehouse 1 from 100 to 150  
